#
# There is insufficient memory for the Java Runtime Environment to continue.
# Native memory allocation (malloc) failed to allocate 1048576 bytes for AllocateHeap
# Possible reasons:
#   The system is out of physical RAM or swap space
#   The process is running with CompressedOops enabled, and the Java Heap may be blocking the growth of the native heap
# Possible solutions:
#   Reduce memory load on the system
#   Increase physical memory or swap space
#   Check if swap backing store is full
#   Decrease Java heap size (-Xmx/-Xms)
#   Decrease number of Java threads
#   Decrease Java thread stack sizes (-Xss)
#   Set larger code cache with -XX:ReservedCodeCacheSize=
#   JVM is running with Zero Based Compressed Oops mode in which the Java heap is
#     placed in the first 32GB address space. The Java Heap base address is the
#     maximum limit for the native heap growth. Please use -XX:HeapBaseMinAddress
#     to set the Java Heap base and to place the Java Heap above 32GB virtual address.
# This output file may be truncated or incomplete.
#
#  Out of Memory Error (./src/hotspot/share/memory/allocation.cpp:46), pid=12648, tid=24436
#
# JRE version: OpenJDK Runtime Environment (11.0.7+10) (build 11.0.7+10-LTS)
# Java VM: OpenJDK 64-Bit Server VM (11.0.7+10-LTS, mixed mode, tiered, compressed oops, g1 gc, windows-amd64)
# No core dump will be written. Minidumps are not enabled by default on client versions of Windows
#

---------------  S U M M A R Y ------------

Command Line: -Dfile.encoding=UTF-8 br.com.tech4me.pessoaws.PessoawsApplication

Host: Intel(R) Core(TM) i5-8265U CPU @ 1.60GHz, 8 cores, 15G,  Windows 10 , 64 bit Build 18362 (10.0.18362.1350)
Time: Tue Jun 15 20:33:39 2021 Hora Padrão da Bahia elapsed time: 1634 seconds (0d 0h 27m 14s)

---------------  T H R E A D  ---------------

Current thread (0x0000024c959f3000):  VMThread "VM Thread" [stack: 0x000000c33cc00000,0x000000c33cd00000] [id=24436]

Stack: [0x000000c33cc00000,0x000000c33cd00000]
[error occurred during error reporting (printing stack bounds), id 0xc0000005, EXCEPTION_ACCESS_VIOLATION (0xc0000005) at pc=0x0000024c80000dad]

Native frames: (J=compiled Java code, j=interpreted, Vv=VM code, C=native code)
V  [jvm.dll+0x5e3cca]
V  [jvm.dll+0x77a76e]
V  [jvm.dll+0x77be3f]
V  [jvm.dll+0x77c465]
V  [jvm.dll+0x77c41b]
V  [jvm.dll+0x5e32c3]
V  [jvm.dll+0x5e3978]
C  [ntdll.dll+0xa1eef]
C  [ntdll.dll+0x6aad9]
C  [ntdll.dll+0xa0b5e]
C  0x0000024c80000dad

VM_Operation (0x000000c33d7fed10): G1CollectFull, mode: safepoint, requested by thread 0x0000024c96e3a800


---------------  P R O C E S S  ---------------

Threads class SMR info:
_java_thread_list=0x0000024c9ba89d90, length=36, elements={
0x0000024c959f7000, 0x0000024c959f9800, 0x0000024c962fd800, 0x0000024c962ff000,
0x0000024c96301000, 0x0000024c9630f800, 0x0000024c96315000, 0x0000024c9647c000,
0x0000024c96485000, 0x0000024c9bd3f800, 0x0000024c9c098000, 0x0000024c9c095800,
0x0000024c9c096000, 0x0000024c9c097000, 0x0000024c9c091800, 0x0000024c9c092000,
0x0000024c9c098800, 0x0000024c9c093000, 0x0000024c9c099800, 0x0000024c9c093800,
0x0000024c9c09c800, 0x0000024c9c09d800, 0x0000024c9c09e800, 0x0000024c9c09f000,
0x0000024c9c0a0000, 0x0000024c96e34000, 0x0000024c96e31800, 0x0000024c96e2e000,
0x0000024c96e2f000, 0x0000024c96e34800, 0x0000024c96e32000, 0x0000024c96e30000,
0x0000024c96e35800, 0x0000024c97caa000, 0x0000024c97cae800, 0x0000024c96e3a800
}

Java Threads: ( => current thread )
  0x0000024c959f7000 JavaThread "Reference Handler" daemon [_thread_blocked, id=21816, stack(0x000000c33cd00000,0x000000c33ce00000)]
  0x0000024c959f9800 JavaThread "Finalizer" daemon [_thread_blocked, id=24840, stack(0x000000c33ce00000,0x000000c33cf00000)]
  0x0000024c962fd800 JavaThread "Signal Dispatcher" daemon [_thread_blocked, id=21360, stack(0x000000c33cf00000,0x000000c33d000000)]
  0x0000024c962ff000 JavaThread "Attach Listener" daemon [_thread_blocked, id=17764, stack(0x000000c33d000000,0x000000c33d100000)]
  0x0000024c96301000 JavaThread "C2 CompilerThread0" daemon [_thread_blocked, id=16588, stack(0x000000c33d100000,0x000000c33d200000)]
  0x0000024c9630f800 JavaThread "C1 CompilerThread0" daemon [_thread_blocked, id=25556, stack(0x000000c33d200000,0x000000c33d300000)]
  0x0000024c96315000 JavaThread "Sweeper thread" daemon [_thread_blocked, id=10176, stack(0x000000c33d300000,0x000000c33d400000)]
  0x0000024c9647c000 JavaThread "Service Thread" daemon [_thread_blocked, id=24540, stack(0x000000c33d400000,0x000000c33d500000)]
  0x0000024c96485000 JavaThread "Common-Cleaner" daemon [_thread_blocked, id=10144, stack(0x000000c33d600000,0x000000c33d700000)]
  0x0000024c9bd3f800 JavaThread "Live Reload Server" daemon [_thread_in_native, id=19712, stack(0x000000c33e900000,0x000000c33ea00000)]
  0x0000024c9c098000 JavaThread "DestroyJavaVM" [_thread_blocked, id=14248, stack(0x000000c33c600000,0x000000c33c700000)]
  0x0000024c9c095800 JavaThread "File Watcher" daemon [_thread_blocked, id=24292, stack(0x000000c33d800000,0x000000c33d900000)]
  0x0000024c9c096000 JavaThread "File Watcher" daemon [_thread_blocked, id=19836, stack(0x000000c33d900000,0x000000c33da00000)]
  0x0000024c9c097000 JavaThread "File Watcher" daemon [_thread_blocked, id=23044, stack(0x000000c33df00000,0x000000c33e000000)]
  0x0000024c9c091800 JavaThread "File Watcher" daemon [_thread_blocked, id=19736, stack(0x000000c33e400000,0x000000c33e500000)]
  0x0000024c9c092000 JavaThread "File Watcher" daemon [_thread_blocked, id=24796, stack(0x000000c33e500000,0x000000c33e600000)]
  0x0000024c9c098800 JavaThread "File Watcher" daemon [_thread_blocked, id=7476, stack(0x000000c33e300000,0x000000c33e400000)]
  0x0000024c9c093000 JavaThread "File Watcher" daemon [_thread_blocked, id=23840, stack(0x000000c33e600000,0x000000c33e700000)]
  0x0000024c9c099800 JavaThread "File Watcher" daemon [_thread_blocked, id=24524, stack(0x000000c33e700000,0x000000c33e800000)]
  0x0000024c9c093800 JavaThread "File Watcher" daemon [_thread_blocked, id=15896, stack(0x000000c33ea00000,0x000000c33eb00000)]
  0x0000024c9c09c800 JavaThread "File Watcher" daemon [_thread_blocked, id=21784, stack(0x000000c33e800000,0x000000c33e900000)]
  0x0000024c9c09d800 JavaThread "File Watcher" daemon [_thread_blocked, id=16892, stack(0x000000c33eb00000,0x000000c33ec00000)]
  0x0000024c9c09e800 JavaThread "File Watcher" daemon [_thread_blocked, id=1628, stack(0x000000c33ec00000,0x000000c33ed00000)]
  0x0000024c9c09f000 JavaThread "File Watcher" daemon [_thread_blocked, id=9096, stack(0x000000c33ed00000,0x000000c33ee00000)]
  0x0000024c9c0a0000 JavaThread "File Watcher" daemon [_thread_blocked, id=24572, stack(0x000000c33ee00000,0x000000c33ef00000)]
  0x0000024c96e34000 JavaThread "File Watcher" daemon [_thread_blocked, id=19640, stack(0x000000c33ef00000,0x000000c33f000000)]
  0x0000024c96e31800 JavaThread "File Watcher" daemon [_thread_blocked, id=5108, stack(0x000000c33f000000,0x000000c33f100000)]
  0x0000024c96e2e000 JavaThread "File Watcher" daemon [_thread_blocked, id=17656, stack(0x000000c33f100000,0x000000c33f200000)]
  0x0000024c96e2f000 JavaThread "File Watcher" daemon [_thread_blocked, id=22620, stack(0x000000c33f300000,0x000000c33f400000)]
  0x0000024c96e34800 JavaThread "File Watcher" daemon [_thread_blocked, id=23412, stack(0x000000c33f200000,0x000000c33f300000)]
  0x0000024c96e32000 JavaThread "File Watcher" daemon [_thread_blocked, id=13144, stack(0x000000c33f400000,0x000000c33f500000)]
  0x0000024c96e30000 JavaThread "File Watcher" daemon [_thread_blocked, id=11520, stack(0x000000c33f500000,0x000000c33f600000)]
  0x0000024c96e35800 JavaThread "File Watcher" daemon [_thread_blocked, id=20412, stack(0x000000c33f600000,0x000000c33f700000)]
  0x0000024c97caa000 JavaThread "Catalina-utility-1" [_thread_blocked, id=10796, stack(0x000000c33f800000,0x000000c33f900000)]
  0x0000024c97cae800 JavaThread "Catalina-utility-2" [_thread_blocked, id=19672, stack(0x000000c33f900000,0x000000c33fa00000)]
  0x0000024c96e3a800 JavaThread "Thread-219" [_thread_blocked, id=13036, stack(0x000000c33d700000,0x000000c33d800000)]

Other Threads:
=>0x0000024c959f3000 VMThread "VM Thread" [stack: 0x000000c33cc00000,0x000000c33cd00000] [id=24436]
  0x0000024c9647c800 WatcherThread [stack: 0x000000c33d500000,0x000000c33d600000] [id=13860]
  0x0000024cf1d4f000 GCTaskThread "GC Thread#0" [stack: 0x000000c33c700000,0x000000c33c800000] [id=25128]
  0x0000024c9719d800 GCTaskThread "GC Thread#1" [stack: 0x000000c33da00000,0x000000c33db00000] [id=2824]
  0x0000024c9724b800 GCTaskThread "GC Thread#2" [stack: 0x000000c33db00000,0x000000c33dc00000] [id=21796]
  0x0000024c97245800 GCTaskThread "GC Thread#3" [stack: 0x000000c33dc00000,0x000000c33dd00000] [id=13032]
  0x0000024c97246000 GCTaskThread "GC Thread#4" [stack: 0x000000c33dd00000,0x000000c33de00000] [id=104]
  0x0000024c9724c000 GCTaskThread "GC Thread#5" [stack: 0x000000c33de00000,0x000000c33df00000] [id=13500]
  0x0000024c97249000 GCTaskThread "GC Thread#6" [stack: 0x000000c33e000000,0x000000c33e100000] [id=10360]
  0x0000024c9724c800 GCTaskThread "GC Thread#7" [stack: 0x000000c33e100000,0x000000c33e200000] [id=22224]
  0x0000024cf1dad000 ConcurrentGCThread "G1 Main Marker" [stack: 0x000000c33c800000,0x000000c33c900000] [id=18336]
  0x0000024cf1dae800 ConcurrentGCThread "G1 Conc#0" [stack: 0x000000c33c900000,0x000000c33ca00000] [id=22744]
  0x0000024c9724a800 ConcurrentGCThread "G1 Conc#1" [stack: 0x000000c33e200000,0x000000c33e300000] [id=16300]
  0x0000024c958d3800 ConcurrentGCThread "G1 Refine#0" [stack: 0x000000c33ca00000,0x000000c33cb00000] [id=10296]
  0x0000024c958d7800 ConcurrentGCThread "G1 Young RemSet Sampling" [stack: 0x000000c33cb00000,0x000000c33cc00000] [id=18936]

Threads with active compile tasks:
C1 CompilerThread01634870 10356       3       java.util.Collections::reverse (125 bytes)

VM state:at safepoint (normal execution)

VM Mutex/Monitor currently owned by a thread:  ([mutex/lock_event])
[0x0000024cf1d354c0] Threads_lock - owner thread: 0x0000024c959f3000
[0x0000024cf1d35700] Heap_lock - owner thread: 0x0000024c96e3a800

Heap address: 0x0000000701e00000, size: 4066 MB, Compressed Oops mode: Zero based, Oop shift amount: 3
Narrow klass base: 0x0000000800000000, Narrow klass shift: 0
Compressed class space size: 1073741824 Address: 0x0000000800000000

Heap:
 garbage-first heap   total 156672K, used 83063K [0x0000000701e00000, 0x0000000800000000)
  region size 1024K, 37 young (37888K), 0 survivors (0K)
 Metaspace       used 54576K, capacity 59456K, committed 59648K, reserved 1101824K
  class space    used 6358K, capacity 7335K, committed 7424K, reserved 1048576K
Heap Regions: E=young(eden), S=young(survivor), O=old, HS=humongous(starts), HC=humongous(continues), CS=collection set, F=free, A=archive, TAMS=top-at-mark-start (previous, next)
|   0|0x0000000701e00000, 0x0000000701effff8, 0x0000000701f00000| 99%| O|  |TAMS 0x0000000701e00000, 0x0000000701e00000| Untracked 
|   1|0x0000000701f00000, 0x0000000701ffffe0, 0x0000000702000000| 99%| O|  |TAMS 0x0000000701f00000, 0x0000000701f00000| Untracked 
|   2|0x0000000702000000, 0x00000007020fffe8, 0x0000000702100000| 99%| O|  |TAMS 0x0000000702000000, 0x0000000702000000| Untracked 
|   3|0x0000000702100000, 0x00000007021ffff8, 0x0000000702200000| 99%| O|  |TAMS 0x0000000702100000, 0x0000000702100000| Untracked 
|   4|0x0000000702200000, 0x00000007022ffff8, 0x0000000702300000| 99%| O|  |TAMS 0x0000000702200000, 0x0000000702200000| Untracked 
|   5|0x0000000702300000, 0x0000000702400000, 0x0000000702400000|100%| O|  |TAMS 0x0000000702300000, 0x0000000702300000| Untracked 
|   6|0x0000000702400000, 0x00000007024fffb0, 0x0000000702500000| 99%| O|  |TAMS 0x0000000702400000, 0x0000000702400000| Untracked 
|   7|0x0000000702500000, 0x00000007025ffff8, 0x0000000702600000| 99%| O|  |TAMS 0x0000000702500000, 0x0000000702500000| Untracked 
|   8|0x0000000702600000, 0x00000007026ffff0, 0x0000000702700000| 99%| O|  |TAMS 0x0000000702600000, 0x0000000702600000| Untracked 
|   9|0x0000000702700000, 0x00000007027ffff8, 0x0000000702800000| 99%| O|  |TAMS 0x0000000702700000, 0x0000000702700000| Untracked 
|  10|0x0000000702800000, 0x00000007028fffc8, 0x0000000702900000| 99%| O|  |TAMS 0x0000000702800000, 0x0000000702800000| Untracked 
|  11|0x0000000702900000, 0x00000007029fffb8, 0x0000000702a00000| 99%| O|  |TAMS 0x0000000702900000, 0x0000000702900000| Untracked 
|  12|0x0000000702a00000, 0x0000000702afffc8, 0x0000000702b00000| 99%| O|  |TAMS 0x0000000702a00000, 0x0000000702a00000| Untracked 
|  13|0x0000000702b00000, 0x0000000702bfffe8, 0x0000000702c00000| 99%| O|  |TAMS 0x0000000702b00000, 0x0000000702b00000| Untracked 
|  14|0x0000000702c00000, 0x0000000702cffff8, 0x0000000702d00000| 99%| O|  |TAMS 0x0000000702c00000, 0x0000000702c00000| Untracked 
|  15|0x0000000702d00000, 0x0000000702dffff0, 0x0000000702e00000| 99%| O|  |TAMS 0x0000000702d00000, 0x0000000702d00000| Untracked 
|  16|0x0000000702e00000, 0x0000000702f00000, 0x0000000702f00000|100%| O|  |TAMS 0x0000000702e00000, 0x0000000702e00000| Untracked 
|  17|0x0000000702f00000, 0x0000000702ffff60, 0x0000000703000000| 99%| O|  |TAMS 0x0000000702f00000, 0x0000000702f00000| Untracked 
|  18|0x0000000703000000, 0x00000007030ffff0, 0x0000000703100000| 99%| O|  |TAMS 0x0000000703000000, 0x0000000703000000| Untracked 
|  19|0x0000000703100000, 0x00000007031fffe0, 0x0000000703200000| 99%| O|  |TAMS 0x0000000703100000, 0x0000000703100000| Untracked 
|  20|0x0000000703200000, 0x00000007032fffd8, 0x0000000703300000| 99%| O|  |TAMS 0x0000000703200000, 0x0000000703200000| Untracked 
|  21|0x0000000703300000, 0x00000007033ffff8, 0x0000000703400000| 99%| O|  |TAMS 0x0000000703300000, 0x0000000703300000| Untracked 
|  22|0x0000000703400000, 0x00000007034ffff0, 0x0000000703500000| 99%| O|  |TAMS 0x0000000703400000, 0x0000000703400000| Untracked 
|  23|0x0000000703500000, 0x00000007035fffe0, 0x0000000703600000| 99%| O|  |TAMS 0x0000000703500000, 0x0000000703500000| Untracked 
|  24|0x0000000703600000, 0x00000007036fffe8, 0x0000000703700000| 99%| O|  |TAMS 0x0000000703600000, 0x0000000703600000| Untracked 
|  25|0x0000000703700000, 0x00000007037fffe8, 0x0000000703800000| 99%| O|  |TAMS 0x0000000703700000, 0x0000000703700000| Untracked 
|  26|0x0000000703800000, 0x00000007038fffc8, 0x0000000703900000| 99%| O|  |TAMS 0x0000000703800000, 0x0000000703800000| Untracked 
|  27|0x0000000703900000, 0x00000007039fffd8, 0x0000000703a00000| 99%| O|  |TAMS 0x0000000703900000, 0x0000000703900000| Untracked 
|  28|0x0000000703a00000, 0x0000000703afff08, 0x0000000703b00000| 99%| O|  |TAMS 0x0000000703a00000, 0x0000000703a00000| Untracked 
|  29|0x0000000703b00000, 0x0000000703bfffe8, 0x0000000703c00000| 99%| O|  |TAMS 0x0000000703b00000, 0x0000000703b00000| Untracked 
|  30|0x0000000703c00000, 0x0000000703cffff0, 0x0000000703d00000| 99%| O|  |TAMS 0x0000000703c00000, 0x0000000703c00000| Untracked 
|  31|0x0000000703d00000, 0x0000000703dfffb8, 0x0000000703e00000| 99%| O|  |TAMS 0x0000000703d00000, 0x0000000703d00000| Untracked 
|  32|0x0000000703e00000, 0x0000000703effff8, 0x0000000703f00000| 99%| O|  |TAMS 0x0000000703e00000, 0x0000000703e00000| Untracked 
|  33|0x0000000703f00000, 0x0000000703fffff0, 0x0000000704000000| 99%| O|  |TAMS 0x0000000703f00000, 0x0000000703f00000| Untracked 
|  34|0x0000000704000000, 0x00000007040ffc08, 0x0000000704100000| 99%| O|  |TAMS 0x0000000704000000, 0x0000000704000000| Untracked 
|  35|0x0000000704100000, 0x0000000704200000, 0x0000000704200000|100%| O|  |TAMS 0x0000000704100000, 0x0000000704100000| Untracked 
|  36|0x0000000704200000, 0x00000007042fff30, 0x0000000704300000| 99%| O|  |TAMS 0x0000000704200000, 0x0000000704200000| Untracked 
|  37|0x0000000704300000, 0x0000000704400000, 0x0000000704400000|100%| O|  |TAMS 0x0000000704300000, 0x0000000704300000| Untracked 
|  38|0x0000000704400000, 0x0000000704500000, 0x0000000704500000|100%| O|  |TAMS 0x0000000704400000, 0x0000000704400000| Untracked 
|  39|0x0000000704500000, 0x0000000704600000, 0x0000000704600000|100%| O|  |TAMS 0x0000000704500000, 0x0000000704500000| Untracked 
|  40|0x0000000704600000, 0x00000007046ffff0, 0x0000000704700000| 99%| O|  |TAMS 0x0000000704600000, 0x0000000704600000| Untracked 
|  41|0x0000000704700000, 0x00000007047ffff0, 0x0000000704800000| 99%| O|  |TAMS 0x0000000704700000, 0x0000000704700000| Untracked 
|  42|0x0000000704800000, 0x00000007048ffff8, 0x0000000704900000| 99%| O|  |TAMS 0x0000000704800000, 0x0000000704800000| Untracked 
|  43|0x0000000704900000, 0x00000007049ffff0, 0x0000000704a00000| 99%| O|  |TAMS 0x0000000704900000, 0x0000000704900000| Untracked 
|  44|0x0000000704a00000, 0x0000000704affff8, 0x0000000704b00000| 99%| O|  |TAMS 0x0000000704a00000, 0x0000000704a00000| Untracked 
|  45|0x0000000704b00000, 0x0000000704b8fc08, 0x0000000704c00000| 56%| O|  |TAMS 0x0000000704b00000, 0x0000000704b00000| Untracked 
|  46|0x0000000704c00000, 0x0000000704c00000, 0x0000000704d00000|  0%| F|  |TAMS 0x0000000704c00000, 0x0000000704c00000| Untracked 
|  47|0x0000000704d00000, 0x0000000704d00000, 0x0000000704e00000|  0%| F|  |TAMS 0x0000000704d00000, 0x0000000704d00000| Untracked 
|  48|0x0000000704e00000, 0x0000000704e00000, 0x0000000704f00000|  0%| F|  |TAMS 0x0000000704e00000, 0x0000000704e00000| Untracked 
|  49|0x0000000704f00000, 0x0000000704f00000, 0x0000000705000000|  0%| F|  |TAMS 0x0000000704f00000, 0x0000000704f00000| Untracked 
|  50|0x0000000705000000, 0x0000000705000000, 0x0000000705100000|  0%| F|  |TAMS 0x0000000705000000, 0x0000000705000000| Untracked 
|  51|0x0000000705100000, 0x0000000705100000, 0x0000000705200000|  0%| F|  |TAMS 0x0000000705100000, 0x0000000705100000| Untracked 
|  52|0x0000000705200000, 0x0000000705200000, 0x0000000705300000|  0%| F|  |TAMS 0x0000000705200000, 0x0000000705200000| Untracked 
|  53|0x0000000705300000, 0x0000000705300000, 0x0000000705400000|  0%| F|  |TAMS 0x0000000705300000, 0x0000000705300000| Untracked 
|  54|0x0000000705400000, 0x0000000705400000, 0x0000000705500000|  0%| F|  |TAMS 0x0000000705400000, 0x0000000705400000| Untracked 
|  55|0x0000000705500000, 0x0000000705500000, 0x0000000705600000|  0%| F|  |TAMS 0x0000000705500000, 0x0000000705500000| Untracked 
|  56|0x0000000705600000, 0x0000000705600000, 0x0000000705700000|  0%| F|  |TAMS 0x0000000705600000, 0x0000000705600000| Untracked 
|  57|0x0000000705700000, 0x0000000705700000, 0x0000000705800000|  0%| F|  |TAMS 0x0000000705700000, 0x0000000705700000| Untracked 
|  58|0x0000000705800000, 0x0000000705800000, 0x0000000705900000|  0%| F|  |TAMS 0x0000000705800000, 0x0000000705800000| Untracked 
|  59|0x0000000705900000, 0x0000000705900000, 0x0000000705a00000|  0%| F|  |TAMS 0x0000000705900000, 0x0000000705900000| Untracked 
|  60|0x0000000705a00000, 0x0000000705a00000, 0x0000000705b00000|  0%| F|  |TAMS 0x0000000705a00000, 0x0000000705a00000| Untracked 
|  61|0x0000000705b00000, 0x0000000705b00000, 0x0000000705c00000|  0%| F|  |TAMS 0x0000000705b00000, 0x0000000705b00000| Untracked 
|  62|0x0000000705c00000, 0x0000000705c00000, 0x0000000705d00000|  0%| F|  |TAMS 0x0000000705c00000, 0x0000000705c00000| Untracked 
|  63|0x0000000705d00000, 0x0000000705d00000, 0x0000000705e00000|  0%| F|  |TAMS 0x0000000705d00000, 0x0000000705d00000| Untracked 
|  64|0x0000000705e00000, 0x0000000705e00000, 0x0000000705f00000|  0%| F|  |TAMS 0x0000000705e00000, 0x0000000705e00000| Untracked 
|  65|0x0000000705f00000, 0x0000000705f00000, 0x0000000706000000|  0%| F|  |TAMS 0x0000000705f00000, 0x0000000705f00000| Untracked 
|  66|0x0000000706000000, 0x0000000706000000, 0x0000000706100000|  0%| F|  |TAMS 0x0000000706000000, 0x0000000706000000| Untracked 
|  67|0x0000000706100000, 0x0000000706100000, 0x0000000706200000|  0%| F|  |TAMS 0x0000000706100000, 0x0000000706100000| Untracked 
|  68|0x0000000706200000, 0x0000000706200000, 0x0000000706300000|  0%| F|  |TAMS 0x0000000706200000, 0x0000000706200000| Untracked 
|  69|0x0000000706300000, 0x0000000706300000, 0x0000000706400000|  0%| F|  |TAMS 0x0000000706300000, 0x0000000706300000| Untracked 
|  70|0x0000000706400000, 0x0000000706400000, 0x0000000706500000|  0%| F|  |TAMS 0x0000000706400000, 0x0000000706400000| Untracked 
|  71|0x0000000706500000, 0x0000000706500000, 0x0000000706600000|  0%| F|  |TAMS 0x0000000706500000, 0x0000000706500000| Untracked 
|  72|0x0000000706600000, 0x0000000706600000, 0x0000000706700000|  0%| F|  |TAMS 0x0000000706600000, 0x0000000706600000| Untracked 
|  73|0x0000000706700000, 0x0000000706700000, 0x0000000706800000|  0%| F|  |TAMS 0x0000000706700000, 0x0000000706700000| Untracked 
|  74|0x0000000706800000, 0x0000000706800000, 0x0000000706900000|  0%| F|  |TAMS 0x0000000706800000, 0x0000000706800000| Untracked 
|  75|0x0000000706900000, 0x0000000706900000, 0x0000000706a00000|  0%| F|  |TAMS 0x0000000706900000, 0x0000000706900000| Untracked 
|  76|0x0000000706a00000, 0x0000000706a00000, 0x0000000706b00000|  0%| F|  |TAMS 0x0000000706a00000, 0x0000000706a00000| Untracked 
|  77|0x0000000706b00000, 0x0000000706b00000, 0x0000000706c00000|  0%| F|  |TAMS 0x0000000706b00000, 0x0000000706b00000| Untracked 
|  78|0x0000000706c00000, 0x0000000706c00000, 0x0000000706d00000|  0%| F|  |TAMS 0x0000000706c00000, 0x0000000706c00000| Untracked 
|  79|0x0000000706d00000, 0x0000000706d00000, 0x0000000706e00000|  0%| F|  |TAMS 0x0000000706d00000, 0x0000000706d00000| Untracked 
|  80|0x0000000706e00000, 0x0000000706e00000, 0x0000000706f00000|  0%| F|  |TAMS 0x0000000706e00000, 0x0000000706e00000| Untracked 
|  81|0x0000000706f00000, 0x0000000706f00000, 0x0000000707000000|  0%| F|  |TAMS 0x0000000706f00000, 0x0000000706f00000| Untracked 
|  82|0x0000000707000000, 0x0000000707000000, 0x0000000707100000|  0%| F|  |TAMS 0x0000000707000000, 0x0000000707000000| Untracked 
|  83|0x0000000707100000, 0x0000000707100000, 0x0000000707200000|  0%| F|  |TAMS 0x0000000707100000, 0x0000000707100000| Untracked 
|  84|0x0000000707200000, 0x0000000707200000, 0x0000000707300000|  0%| F|  |TAMS 0x0000000707200000, 0x0000000707200000| Untracked 
|  85|0x0000000707300000, 0x0000000707300000, 0x0000000707400000|  0%| F|  |TAMS 0x0000000707300000, 0x0000000707300000| Untracked 
|  86|0x0000000707400000, 0x0000000707400000, 0x0000000707500000|  0%| F|  |TAMS 0x0000000707400000, 0x0000000707400000| Untracked 
|  87|0x0000000707500000, 0x0000000707500000, 0x0000000707600000|  0%| F|  |TAMS 0x0000000707500000, 0x0000000707500000| Untracked 
|  88|0x0000000707600000, 0x0000000707600000, 0x0000000707700000|  0%| F|  |TAMS 0x0000000707600000, 0x0000000707600000| Untracked 
|  89|0x0000000707700000, 0x0000000707700000, 0x0000000707800000|  0%| F|  |TAMS 0x0000000707700000, 0x0000000707700000| Untracked 
|  90|0x0000000707800000, 0x0000000707800000, 0x0000000707900000|  0%| F|  |TAMS 0x0000000707800000, 0x0000000707800000| Untracked 
|  91|0x0000000707900000, 0x0000000707900000, 0x0000000707a00000|  0%| F|  |TAMS 0x0000000707900000, 0x0000000707900000| Untracked 
|  92|0x0000000707a00000, 0x0000000707a00000, 0x0000000707b00000|  0%| F|  |TAMS 0x0000000707a00000, 0x0000000707a00000| Untracked 
|  93|0x0000000707b00000, 0x0000000707b00000, 0x0000000707c00000|  0%| F|  |TAMS 0x0000000707b00000, 0x0000000707b00000| Untracked 
|  94|0x0000000707c00000, 0x0000000707c00000, 0x0000000707d00000|  0%| F|  |TAMS 0x0000000707c00000, 0x0000000707c00000| Untracked 
|  95|0x0000000707d00000, 0x0000000707d00000, 0x0000000707e00000|  0%| F|  |TAMS 0x0000000707d00000, 0x0000000707d00000| Untracked 
|  96|0x0000000707e00000, 0x0000000707e00000, 0x0000000707f00000|  0%| F|  |TAMS 0x0000000707e00000, 0x0000000707e00000| Untracked 
|  97|0x0000000707f00000, 0x0000000707f00000, 0x0000000708000000|  0%| F|  |TAMS 0x0000000707f00000, 0x0000000707f00000| Untracked 
|  98|0x0000000708000000, 0x0000000708000000, 0x0000000708100000|  0%| F|  |TAMS 0x0000000708000000, 0x0000000708000000| Untracked 
|  99|0x0000000708100000, 0x0000000708100000, 0x0000000708200000|  0%| F|  |TAMS 0x0000000708100000, 0x0000000708100000| Untracked 
| 100|0x0000000708200000, 0x0000000708200000, 0x0000000708300000|  0%| F|  |TAMS 0x0000000708200000, 0x0000000708200000| Untracked 
| 101|0x0000000708300000, 0x0000000708300000, 0x0000000708400000|  0%| F|  |TAMS 0x0000000708300000, 0x0000000708300000| Untracked 
| 102|0x0000000708400000, 0x0000000708400000, 0x0000000708500000|  0%| F|  |TAMS 0x0000000708400000, 0x0000000708400000| Untracked 
| 103|0x0000000708500000, 0x0000000708500000, 0x0000000708600000|  0%| F|  |TAMS 0x0000000708500000, 0x0000000708500000| Untracked 
| 104|0x0000000708600000, 0x0000000708600000, 0x0000000708700000|  0%| F|  |TAMS 0x0000000708600000, 0x0000000708600000| Untracked 
| 105|0x0000000708700000, 0x0000000708700000, 0x0000000708800000|  0%| F|  |TAMS 0x0000000708700000, 0x0000000708700000| Untracked 
| 106|0x0000000708800000, 0x0000000708800000, 0x0000000708900000|  0%| F|  |TAMS 0x0000000708800000, 0x0000000708800000| Untracked 
| 107|0x0000000708900000, 0x0000000708900000, 0x0000000708a00000|  0%| F|  |TAMS 0x0000000708900000, 0x0000000708900000| Untracked 
| 108|0x0000000708a00000, 0x0000000708a00000, 0x0000000708b00000|  0%| F|  |TAMS 0x0000000708a00000, 0x0000000708a00000| Untracked 
| 109|0x0000000708b00000, 0x0000000708b00000, 0x0000000708c00000|  0%| F|  |TAMS 0x0000000708b00000, 0x0000000708b00000| Untracked 
| 110|0x0000000708c00000, 0x0000000708c00000, 0x0000000708d00000|  0%| F|  |TAMS 0x0000000708c00000, 0x0000000708c00000| Untracked 
| 111|0x0000000708d00000, 0x0000000708d00000, 0x0000000708e00000|  0%| F|  |TAMS 0x0000000708d00000, 0x0000000708d00000| Untracked 
| 112|0x0000000708e00000, 0x0000000708e00000, 0x0000000708f00000|  0%| F|  |TAMS 0x0000000708e00000, 0x0000000708e00000| Untracked 
| 113|0x0000000708f00000, 0x0000000708f00000, 0x0000000709000000|  0%| F|  |TAMS 0x0000000708f00000, 0x0000000708f00000| Untracked 
| 114|0x0000000709000000, 0x000000070903b0f0, 0x0000000709100000| 23%| O|  |TAMS 0x0000000709000000, 0x0000000709000000| Untracked 
| 115|0x0000000709100000, 0x00000007091d3ce0, 0x0000000709200000| 82%| E|  |TAMS 0x0000000709100000, 0x0000000709100000| Complete 
| 116|0x0000000709200000, 0x0000000709300000, 0x0000000709300000|100%| E|CS|TAMS 0x0000000709200000, 0x0000000709200000| Complete 
| 117|0x0000000709300000, 0x0000000709400000, 0x0000000709400000|100%| E|CS|TAMS 0x0000000709300000, 0x0000000709300000| Complete 
| 118|0x0000000709400000, 0x0000000709453c20, 0x0000000709500000| 32%| O|  |TAMS 0x0000000709400000, 0x0000000709400000| Untracked 
| 119|0x0000000709500000, 0x0000000709600000, 0x0000000709600000|100%| E|CS|TAMS 0x0000000709500000, 0x0000000709500000| Complete 
| 120|0x0000000709600000, 0x0000000709700000, 0x0000000709700000|100%| E|CS|TAMS 0x0000000709600000, 0x0000000709600000| Complete 
| 121|0x0000000709700000, 0x0000000709800000, 0x0000000709800000|100%| E|CS|TAMS 0x0000000709700000, 0x0000000709700000| Complete 
| 122|0x0000000709800000, 0x0000000709900000, 0x0000000709900000|100%| E|CS|TAMS 0x0000000709800000, 0x0000000709800000| Complete 
| 123|0x0000000709900000, 0x0000000709a00000, 0x0000000709a00000|100%| E|CS|TAMS 0x0000000709900000, 0x0000000709900000| Complete 
| 124|0x0000000709a00000, 0x0000000709b00000, 0x0000000709b00000|100%| E|CS|TAMS 0x0000000709a00000, 0x0000000709a00000| Complete 
| 125|0x0000000709b00000, 0x0000000709c00000, 0x0000000709c00000|100%| E|CS|TAMS 0x0000000709b00000, 0x0000000709b00000| Complete 
| 126|0x0000000709c00000, 0x0000000709d00000, 0x0000000709d00000|100%| E|CS|TAMS 0x0000000709c00000, 0x0000000709c00000| Complete 
| 127|0x0000000709d00000, 0x0000000709e00000, 0x0000000709e00000|100%| E|CS|TAMS 0x0000000709d00000, 0x0000000709d00000| Complete 
| 128|0x0000000709e00000, 0x0000000709f00000, 0x0000000709f00000|100%| E|CS|TAMS 0x0000000709e00000, 0x0000000709e00000| Complete 
| 129|0x0000000709f00000, 0x000000070a000000, 0x000000070a000000|100%| E|  |TAMS 0x0000000709f00000, 0x0000000709f00000| Complete 
| 130|0x000000070a000000, 0x000000070a100000, 0x000000070a100000|100%| E|CS|TAMS 0x000000070a000000, 0x000000070a000000| Complete 
| 131|0x000000070a100000, 0x000000070a200000, 0x000000070a200000|100%| E|CS|TAMS 0x000000070a100000, 0x000000070a100000| Complete 
| 132|0x000000070a200000, 0x000000070a300000, 0x000000070a300000|100%| E|CS|TAMS 0x000000070a200000, 0x000000070a200000| Complete 
| 133|0x000000070a300000, 0x000000070a400000, 0x000000070a400000|100%| E|CS|TAMS 0x000000070a300000, 0x000000070a300000| Complete 
| 134|0x000000070a400000, 0x000000070a500000, 0x000000070a500000|100%| E|CS|TAMS 0x000000070a400000, 0x000000070a400000| Complete 
| 135|0x000000070a500000, 0x000000070a600000, 0x000000070a600000|100%| E|CS|TAMS 0x000000070a500000, 0x000000070a500000| Complete 
| 136|0x000000070a600000, 0x000000070a700000, 0x000000070a700000|100%| E|CS|TAMS 0x000000070a600000, 0x000000070a600000| Complete 
| 137|0x000000070a700000, 0x000000070a800000, 0x000000070a800000|100%| E|CS|TAMS 0x000000070a700000, 0x000000070a700000| Complete 
| 138|0x000000070a800000, 0x000000070a900000, 0x000000070a900000|100%| E|CS|TAMS 0x000000070a800000, 0x000000070a800000| Complete 
| 139|0x000000070a900000, 0x000000070aa00000, 0x000000070aa00000|100%| E|CS|TAMS 0x000000070a900000, 0x000000070a900000| Complete 
| 140|0x000000070aa00000, 0x000000070ab00000, 0x000000070ab00000|100%| E|CS|TAMS 0x000000070aa00000, 0x000000070aa00000| Complete 
| 141|0x000000070ab00000, 0x000000070ac00000, 0x000000070ac00000|100%| E|CS|TAMS 0x000000070ab00000, 0x000000070ab00000| Complete 
| 142|0x000000070ac00000, 0x000000070ad00000, 0x000000070ad00000|100%| E|CS|TAMS 0x000000070ac00000, 0x000000070ac00000| Complete 
| 143|0x000000070ad00000, 0x000000070ae00000, 0x000000070ae00000|100%| E|CS|TAMS 0x000000070ad00000, 0x000000070ad00000| Complete 
| 144|0x000000070ae00000, 0x000000070af00000, 0x000000070af00000|100%| E|CS|TAMS 0x000000070ae00000, 0x000000070ae00000| Complete 
| 145|0x000000070af00000, 0x000000070b000000, 0x000000070b000000|100%| E|CS|TAMS 0x000000070af00000, 0x000000070af00000| Complete 
| 146|0x000000070b000000, 0x000000070b100000, 0x000000070b100000|100%| E|CS|TAMS 0x000000070b000000, 0x000000070b000000| Complete 
| 147|0x000000070b100000, 0x000000070b200000, 0x000000070b200000|100%| E|CS|TAMS 0x000000070b100000, 0x000000070b100000| Complete 
| 148|0x000000070b200000, 0x000000070b300000, 0x000000070b300000|100%| E|CS|TAMS 0x000000070b200000, 0x000000070b200000| Complete 
| 149|0x000000070b300000, 0x000000070b400000, 0x000000070b400000|100%| E|CS|TAMS 0x000000070b300000, 0x000000070b300000| Complete 
| 164|0x000000070c200000, 0x000000070c300000, 0x000000070c300000|100%| E|CS|TAMS 0x000000070c200000, 0x000000070c200000| Complete 
| 166|0x000000070c400000, 0x000000070c500000, 0x000000070c500000|100%| E|CS|TAMS 0x000000070c400000, 0x000000070c400000| Complete 
| 167|0x000000070c500000, 0x000000070c600000, 0x000000070c600000|100%| E|CS|TAMS 0x000000070c500000, 0x000000070c500000| Complete 

Card table byte_map: [0x0000024cfaec0000,0x0000024cfb6c0000] _byte_map_base: 0x0000024cf76b1000

Marking Bits (Prev, Next): (CMBitMap*) 0x0000024cf1d9b828, (CMBitMap*) 0x0000024cf1d9b860
 Prev Bits: [0x0000024cfbec0000, 0x0000024cffe48000)
 Next Bits: [0x0000024c8f000000, 0x0000024c92f88000)

Polling page: 0x0000024cefb40000

Metaspace:

Usage:
  Non-class:     50.90 MB capacity,    47.09 MB ( 93%) used,     3.54 MB (  7%) free+waste,   274.06 KB ( <1%) overhead. 
      Class:      7.16 MB capacity,     6.21 MB ( 87%) used,   846.86 KB ( 12%) free+waste,   129.75 KB (  2%) overhead. 
       Both:     58.06 MB capacity,    53.30 MB ( 92%) used,     4.37 MB (  8%) free+waste,   403.81 KB ( <1%) overhead. 

Virtual space:
  Non-class space:       52.00 MB reserved,      51.00 MB ( 98%) committed 
      Class space:        1.00 GB reserved,       7.25 MB ( <1%) committed 
             Both:        1.05 GB reserved,      58.25 MB (  5%) committed 

Chunk freelists:
   Non-Class:  39.00 KB
       Class:  1.00 KB
        Both:  40.00 KB

MaxMetaspaceSize: 17179869184.00 GB
CompressedClassSpaceSize: 1.00 GB

CodeHeap 'non-profiled nmethods': size=120000Kb used=9130Kb max_used=9130Kb free=110869Kb
 bounds [0x0000024c87ad0000, 0x0000024c883d0000, 0x0000024c8f000000]
CodeHeap 'profiled nmethods': size=120000Kb used=18349Kb max_used=19028Kb free=101650Kb
 bounds [0x0000024c805a0000, 0x0000024c81860000, 0x0000024c87ad0000]
CodeHeap 'non-nmethods': size=5760Kb used=1190Kb max_used=1285Kb free=4570Kb
 bounds [0x0000024c80000000, 0x0000024c80270000, 0x0000024c805a0000]
 total_blobs=14692 nmethods=8397 adapters=442
 compilation: enabled
              stopped_count=0, restarted_count=0
 full_count=0

Compilation events (20 events):
Event: 1629.712 Thread 0x0000024c96931800 10332       4       org.springframework.beans.factory.support.AbstractAutowireCapableBeanFactory::invokeAwareMethods (68 bytes)
Event: 1629.717 Thread 0x0000024c96931800 nmethod 10332 0x0000024c881f8390 code [0x0000024c881f8540, 0x0000024c881f8818]
Event: 1629.717 Thread 0x0000024c96931800 10333   !   4       org.springframework.beans.factory.support.AbstractAutowireCapableBeanFactory::invokeInitMethods (171 bytes)
Event: 1629.732 Thread 0x0000024c96931800 nmethod 10333 0x0000024c8825e310 code [0x0000024c8825e500, 0x0000024c8825edb8]
Event: 1629.732 Thread 0x0000024c96931800 10331   !   4       org.springframework.core.annotation.AnnotationsScanner::processElement (40 bytes)
Event: 1629.735 Thread 0x0000024c96931800 nmethod 10331 0x0000024c881f7e90 code [0x0000024c881f8040, 0x0000024c881f8138]
Event: 1629.922 Thread 0x0000024c96301000 nmethod 10322 0x0000024c883c2610 code [0x0000024c883c29a0, 0x0000024c883c6de8]
Event: 1634.518 Thread 0x0000024c96931800 10349   !   4       java.util.concurrent.locks.AbstractQueuedSynchronizer::acquireQueued (74 bytes)
Event: 1634.537 Thread 0x0000024c96931800 nmethod 10349 0x0000024c8825d710 code [0x0000024c8825d8e0, 0x0000024c8825e030]
Event: 1634.764 Thread 0x0000024c96301000 10350       4       java.io.FileDescriptor$1::get (5 bytes)
Event: 1634.765 Thread 0x0000024c96301000 nmethod 10350 0x0000024c8825d490 code [0x0000024c8825d620, 0x0000024c8825d698]
Event: 1634.766 Thread 0x0000024c9630f800 10351       3       org.apache.catalina.mapper.MapperListener::containerEvent (691 bytes)
Event: 1634.771 Thread 0x0000024c9630f800 nmethod 10351 0x0000024c8108e010 code [0x0000024c8108e740, 0x0000024c810932b0]
Event: 1634.771 Thread 0x0000024c9630f800 10352       3       jdk.internal.misc.Unsafe::getAndSetInt (24 bytes)
Event: 1634.773 Thread 0x0000024c9630f800 nmethod 10352 0x0000024c80a8e190 code [0x0000024c80a8e360, 0x0000024c80a8e5f8]
Event: 1634.773 Thread 0x0000024c9630f800 10353       3       java.lang.invoke.VarHandleGuards::guard_LI_I (63 bytes)
Event: 1634.775 Thread 0x0000024c9630f800 nmethod 10353 0x0000024c80ea5e10 code [0x0000024c80ea60c0, 0x0000024c80ea71b0]
Event: 1634.775 Thread 0x0000024c9630f800 10354       3       java.lang.invoke.VarHandleInts$FieldInstanceReadWrite::getAndSet (23 bytes)
Event: 1634.776 Thread 0x0000024c9630f800 nmethod 10354 0x0000024c80da8610 code [0x0000024c80da8820, 0x0000024c80da8d30]
Event: 1634.778 Thread 0x0000024c9630f800 10356       3       java.util.Collections::reverse (125 bytes)

GC Heap History (20 events):
Event: 1542.598 GC heap before
{Heap before GC invocations=146 (full 23):
 garbage-first heap   total 156672K, used 92583K [0x0000000701e00000, 0x0000000800000000)
  region size 1024K, 52 young (53248K), 4 survivors (4096K)
 Metaspace       used 53721K, capacity 58037K, committed 58240K, reserved 1099776K
  class space    used 6279K, capacity 7237K, committed 7296K, reserved 1048576K
}
Event: 1542.608 GC heap after
{Heap after GC invocations=147 (full 23):
 garbage-first heap   total 156672K, used 46989K [0x0000000701e00000, 0x0000000800000000)
  region size 1024K, 6 young (6144K), 6 survivors (6144K)
 Metaspace       used 53721K, capacity 58037K, committed 58240K, reserved 1099776K
  class space    used 6279K, capacity 7237K, committed 7296K, reserved 1048576K
}
Event: 1557.012 GC heap before
{Heap before GC invocations=148 (full 23):
 garbage-first heap   total 156672K, used 98189K [0x0000000701e00000, 0x0000000800000000)
  region size 1024K, 57 young (58368K), 6 survivors (6144K)
 Metaspace       used 53820K, capacity 58273K, committed 58496K, reserved 1099776K
  class space    used 6288K, capacity 7249K, committed 7296K, reserved 1048576K
}
Event: 1557.020 GC heap after
{Heap after GC invocations=149 (full 23):
 garbage-first heap   total 156672K, used 49287K [0x0000000701e00000, 0x0000000800000000)
  region size 1024K, 6 young (6144K), 6 survivors (6144K)
 Metaspace       used 53820K, capacity 58273K, committed 58496K, reserved 1099776K
  class space    used 6288K, capacity 7249K, committed 7296K, reserved 1048576K
}
Event: 1562.897 GC heap before
{Heap before GC invocations=149 (full 23):
 garbage-first heap   total 156672K, used 103559K [0x0000000701e00000, 0x0000000800000000)
  region size 1024K, 60 young (61440K), 6 survivors (6144K)
 Metaspace       used 53906K, capacity 58457K, committed 58496K, reserved 1099776K
  class space    used 6298K, capacity 7265K, committed 7296K, reserved 1048576K
}
Event: 1562.915 GC heap after
{Heap after GC invocations=150 (full 23):
 garbage-first heap   total 156672K, used 52451K [0x0000000701e00000, 0x0000000800000000)
  region size 1024K, 7 young (7168K), 7 survivors (7168K)
 Metaspace       used 53906K, capacity 58457K, committed 58496K, reserved 1099776K
  class space    used 6298K, capacity 7265K, committed 7296K, reserved 1048576K
}
Event: 1579.202 GC heap before
{Heap before GC invocations=151 (full 23):
 garbage-first heap   total 156672K, used 93411K [0x0000000701e00000, 0x0000000800000000)
  region size 1024K, 49 young (50176K), 7 survivors (7168K)
 Metaspace       used 54011K, capacity 58626K, committed 58752K, reserved 1101824K
  class space    used 6306K, capacity 7277K, committed 7296K, reserved 1048576K
}
Event: 1579.299 GC heap after
{Heap after GC invocations=152 (full 24):
 garbage-first heap   total 156672K, used 46777K [0x0000000701e00000, 0x0000000800000000)
  region size 1024K, 0 young (0K), 0 survivors (0K)
 Metaspace       used 54008K, capacity 58620K, committed 58752K, reserved 1101824K
  class space    used 6306K, capacity 7275K, committed 7296K, reserved 1048576K
}
Event: 1582.573 GC heap before
{Heap before GC invocations=152 (full 24):
 garbage-first heap   total 156672K, used 82617K [0x0000000701e00000, 0x0000000800000000)
  region size 1024K, 36 young (36864K), 0 survivors (0K)
 Metaspace       used 54088K, capacity 58719K, committed 58752K, reserved 1101824K
  class space    used 6314K, capacity 7285K, committed 7296K, reserved 1048576K
}
Event: 1582.684 GC heap after
{Heap after GC invocations=153 (full 25):
 garbage-first heap   total 156672K, used 46821K [0x0000000701e00000, 0x0000000800000000)
  region size 1024K, 0 young (0K), 0 survivors (0K)
 Metaspace       used 54085K, capacity 58713K, committed 58752K, reserved 1101824K
  class space    used 6313K, capacity 7283K, committed 7296K, reserved 1048576K
}
Event: 1604.081 GC heap before
{Heap before GC invocations=153 (full 25):
 garbage-first heap   total 156672K, used 87781K [0x0000000701e00000, 0x0000000800000000)
  region size 1024K, 42 young (43008K), 0 survivors (0K)
 Metaspace       used 54163K, capacity 58809K, committed 59008K, reserved 1101824K
  class space    used 6321K, capacity 7293K, committed 7296K, reserved 1048576K
}
Event: 1604.199 GC heap after
{Heap after GC invocations=154 (full 26):
 garbage-first heap   total 156672K, used 46905K [0x0000000701e00000, 0x0000000800000000)
  region size 1024K, 0 young (0K), 0 survivors (0K)
 Metaspace       used 54160K, capacity 58803K, committed 59008K, reserved 1101824K
  class space    used 6320K, capacity 7291K, committed 7296K, reserved 1048576K
}
Event: 1606.781 GC heap before
{Heap before GC invocations=154 (full 26):
 garbage-first heap   total 156672K, used 81721K [0x0000000701e00000, 0x0000000800000000)
  region size 1024K, 36 young (36864K), 0 survivors (0K)
 Metaspace       used 54230K, capacity 58961K, committed 59136K, reserved 1101824K
  class space    used 6328K, capacity 7301K, committed 7424K, reserved 1048576K
}
Event: 1606.923 GC heap after
{Heap after GC invocations=155 (full 27):
 garbage-first heap   total 156672K, used 46978K [0x0000000701e00000, 0x0000000800000000)
  region size 1024K, 0 young (0K), 0 survivors (0K)
 Metaspace       used 54228K, capacity 58955K, committed 59136K, reserved 1101824K
  class space    used 6327K, capacity 7299K, committed 7424K, reserved 1048576K
}
Event: 1612.427 GC heap before
{Heap before GC invocations=155 (full 27):
 garbage-first heap   total 156672K, used 83842K [0x0000000701e00000, 0x0000000800000000)
  region size 1024K, 37 young (37888K), 0 survivors (0K)
 Metaspace       used 54303K, capacity 59050K, committed 59392K, reserved 1101824K
  class space    used 6335K, capacity 7309K, committed 7424K, reserved 1048576K
}
Event: 1612.533 GC heap after
{Heap after GC invocations=156 (full 28):
 garbage-first heap   total 156672K, used 47051K [0x0000000701e00000, 0x0000000800000000)
  region size 1024K, 0 young (0K), 0 survivors (0K)
 Metaspace       used 54300K, capacity 59044K, committed 59392K, reserved 1101824K
  class space    used 6335K, capacity 7307K, committed 7424K, reserved 1048576K
}
Event: 1620.920 GC heap before
{Heap before GC invocations=156 (full 28):
 garbage-first heap   total 156672K, used 84939K [0x0000000701e00000, 0x0000000800000000)
  region size 1024K, 38 young (38912K), 0 survivors (0K)
 Metaspace       used 54376K, capacity 59208K, committed 59392K, reserved 1101824K
  class space    used 6343K, capacity 7318K, committed 7424K, reserved 1048576K
}
Event: 1621.071 GC heap after
{Heap after GC invocations=157 (full 29):
 garbage-first heap   total 156672K, used 47138K [0x0000000701e00000, 0x0000000800000000)
  region size 1024K, 0 young (0K), 0 survivors (0K)
 Metaspace       used 54373K, capacity 59202K, committed 59392K, reserved 1101824K
  class space    used 6342K, capacity 7316K, committed 7424K, reserved 1048576K
}
Event: 1628.599 GC heap before
{Heap before GC invocations=157 (full 29):
 garbage-first heap   total 156672K, used 84002K [0x0000000701e00000, 0x0000000800000000)
  region size 1024K, 38 young (38912K), 0 survivors (0K)
 Metaspace       used 54485K, capacity 59301K, committed 59648K, reserved 1101824K
  class space    used 6350K, capacity 7326K, committed 7424K, reserved 1048576K
}
Event: 1628.744 GC heap after
{Heap after GC invocations=158 (full 30):
 garbage-first heap   total 156672K, used 47223K [0x0000000701e00000, 0x0000000800000000)
  region size 1024K, 0 young (0K), 0 survivors (0K)
 Metaspace       used 54483K, capacity 59295K, committed 59648K, reserved 1101824K
  class space    used 6350K, capacity 7324K, committed 7424K, reserved 1048576K
}

Deoptimization events (20 events):
Event: 1503.904 Thread 0x0000024c9c09f000 Uncommon trap: trap_request=0xffffffbe fr.pc=0x0000024c882a43c4 relative=0x0000000000004964
Event: 1503.904 Thread 0x0000024c9c09f000 Uncommon trap: reason=profile_predicate action=maybe_recompile pc=0x0000024c882a43c4 method=org.springframework.core.annotation.AnnotationTypeMapping.addConventionMappings()V @ 26 c2
Event: 1503.904 Thread 0x0000024c9c09f000 DEOPT PACKING pc=0x0000024c882a43c4 sp=0x000000c33ecfdad0
Event: 1503.904 Thread 0x0000024c9c09f000 DEOPT UNPACKING pc=0x0000024c800291af sp=0x000000c33ecfd8d0 mode 2
Event: 1503.946 Thread 0x0000024c9c09f000 Uncommon trap: trap_request=0xffffffbe fr.pc=0x0000024c882a43c4 relative=0x0000000000004964
Event: 1503.946 Thread 0x0000024c9c09f000 Uncommon trap: reason=profile_predicate action=maybe_recompile pc=0x0000024c882a43c4 method=org.springframework.core.annotation.AnnotationTypeMapping.addConventionMappings()V @ 26 c2
Event: 1503.946 Thread 0x0000024c9c09f000 DEOPT PACKING pc=0x0000024c882a43c4 sp=0x000000c33ecfd300
Event: 1503.946 Thread 0x0000024c9c09f000 DEOPT UNPACKING pc=0x0000024c800291af sp=0x000000c33ecfd100 mode 2
Event: 1504.039 Thread 0x0000024c9c09f000 DEOPT PACKING pc=0x0000024c811608e9 sp=0x000000c33ecfdbc0
Event: 1504.039 Thread 0x0000024c9c09f000 DEOPT UNPACKING pc=0x0000024c80028fce sp=0x000000c33ecfd078 mode 0
Event: 1517.914 Thread 0x0000024c9c09a800 DEOPT PACKING pc=0x0000024c814e906c sp=0x000000c33effdbf0
Event: 1517.914 Thread 0x0000024c9c09a800 DEOPT UNPACKING pc=0x0000024c80028fce sp=0x000000c33effd1c8 mode 0
Event: 1520.592 Thread 0x0000024c96e2e000 Uncommon trap: trap_request=0xffffff7e fr.pc=0x0000024c881a37b0 relative=0x00000000000003d0
Event: 1520.592 Thread 0x0000024c96e2e000 Uncommon trap: reason=predicate action=maybe_recompile pc=0x0000024c881a37b0 method=sun.reflect.annotation.AnnotationParser.parseArrayElements([Ljava/lang/Object;Ljava/nio/ByteBuffer;ILjava/util/function/Supplier;)Ljava/lang/Object; @ 10 c2
Event: 1520.592 Thread 0x0000024c96e2e000 DEOPT PACKING pc=0x0000024c881a37b0 sp=0x000000c33f0fd110
Event: 1520.592 Thread 0x0000024c96e2e000 DEOPT UNPACKING pc=0x0000024c800291af sp=0x000000c33f0fd0d8 mode 2
Event: 1583.032 Thread 0x0000024c96e36800 Uncommon trap: trap_request=0xfffffff4 fr.pc=0x0000024c88395a34 relative=0x00000000000002d4
Event: 1583.032 Thread 0x0000024c96e36800 Uncommon trap: reason=null_check action=make_not_entrant pc=0x0000024c88395a34 method=org.springframework.data.mapping.model.SimpleTypeHolder.isSimpleType(Ljava/lang/Class;)Z @ 34 c2
Event: 1583.032 Thread 0x0000024c96e36800 DEOPT PACKING pc=0x0000024c88395a34 sp=0x000000c33f7f9410
Event: 1583.032 Thread 0x0000024c96e36800 DEOPT UNPACKING pc=0x0000024c800291af sp=0x000000c33f7f93c0 mode 2

Classes redefined (0 events):
No events

Internal exceptions (20 events):
Event: 1620.916 Thread 0x0000024c97cb0000 Exception <a 'java/lang/InterruptedException'{0x0000000709049a70}: sleep interrupted> (0x0000000709049a70) thrown at [./src/hotspot/share/prims/jvm.cpp, line 3107]
Event: 1621.081 Thread 0x0000024c97cad800 Exception <a 'java/lang/InterruptedException'{0x000000070c517248}: sleep interrupted> (0x000000070c517248) thrown at [./src/hotspot/share/prims/jvm.cpp, line 3107]
Event: 1621.125 Thread 0x0000024c96e30800 Exception <a 'java/io/FileNotFoundException'{0x000000070c5f3468}> (0x000000070c5f3468) thrown at [./src/hotspot/share/prims/jni.cpp, line 615]
Event: 1621.618 Thread 0x0000024c96e30800 Exception <a 'java/lang/NoClassDefFoundError'{0x000000070a35f650}: org/flywaydb/core/Flyway> (0x000000070a35f650) thrown at [./src/hotspot/share/oops/constantPool.cpp, line 775]
Event: 1621.618 Thread 0x0000024c96e30800 Exception <a 'java/lang/NoClassDefFoundError'{0x000000070a35fbd0}: liquibase/integration/spring/SpringLiquibase> (0x000000070a35fbd0) thrown at [./src/hotspot/share/oops/constantPool.cpp, line 775]
Event: 1621.774 Thread 0x0000024c96e30800 Exception <a 'java/io/FileNotFoundException'{0x0000000709c46990}> (0x0000000709c46990) thrown at [./src/hotspot/share/prims/jni.cpp, line 615]
Event: 1621.816 Thread 0x0000024c96e30800 Exception <a 'java/io/FileNotFoundException'{0x0000000709cf1588}> (0x0000000709cf1588) thrown at [./src/hotspot/share/prims/jni.cpp, line 615]
Event: 1621.848 Thread 0x0000024c96e30800 Exception <a 'java/lang/ClassNotFoundException'{0x0000000709a5db60}: java/lang/ObjectCustomizer> (0x0000000709a5db60) thrown at [./src/hotspot/share/classfile/systemDictionary.cpp, line 231]
Event: 1621.849 Thread 0x0000024c96e30800 Exception <a 'java/lang/ClassNotFoundException'{0x0000000709a6a590}: br/com/tech4me/pessoaws/model/PessoaCustomizer> (0x0000000709a6a590) thrown at [./src/hotspot/share/classfile/systemDictionary.cpp, line 231]
Event: 1628.596 Thread 0x0000024c96e36800 Exception <a 'java/lang/InterruptedException'{0x0000000708f6c078}: sleep interrupted> (0x0000000708f6c078) thrown at [./src/hotspot/share/prims/jvm.cpp, line 3107]
Event: 1628.599 Thread 0x0000024c96e38000 Exception <a 'java/lang/InterruptedException'{0x0000000709a41490}: sleep interrupted> (0x0000000709a41490) thrown at [./src/hotspot/share/prims/jvm.cpp, line 3107]
Event: 1628.803 Thread 0x0000024c97cb0000 Exception <a 'java/io/FileNotFoundException'{0x000000070c5e8fb8}> (0x000000070c5e8fb8) thrown at [./src/hotspot/share/prims/jni.cpp, line 615]
Event: 1629.256 Thread 0x0000024c97cb0000 Exception <a 'java/lang/NoClassDefFoundError'{0x000000070a3411c8}: org/flywaydb/core/Flyway> (0x000000070a3411c8) thrown at [./src/hotspot/share/oops/constantPool.cpp, line 775]
Event: 1629.256 Thread 0x0000024c97cb0000 Exception <a 'java/lang/NoClassDefFoundError'{0x000000070a3414f0}: liquibase/integration/spring/SpringLiquibase> (0x000000070a3414f0) thrown at [./src/hotspot/share/oops/constantPool.cpp, line 775]
Event: 1629.337 Thread 0x0000024c97cb0000 Exception <a 'java/io/FileNotFoundException'{0x0000000709d1dad0}> (0x0000000709d1dad0) thrown at [./src/hotspot/share/prims/jni.cpp, line 615]
Event: 1629.378 Thread 0x0000024c97cb0000 Exception <a 'java/io/FileNotFoundException'{0x0000000709dcc760}> (0x0000000709dcc760) thrown at [./src/hotspot/share/prims/jni.cpp, line 615]
Event: 1629.406 Thread 0x0000024c97cb0000 Exception <a 'java/lang/ClassNotFoundException'{0x0000000709b14e38}: java/lang/ObjectCustomizer> (0x0000000709b14e38) thrown at [./src/hotspot/share/classfile/systemDictionary.cpp, line 231]
Event: 1629.407 Thread 0x0000024c97cb0000 Exception <a 'java/lang/ClassNotFoundException'{0x0000000709b2df60}: br/com/tech4me/pessoaws/model/PessoaCustomizer> (0x0000000709b2df60) thrown at [./src/hotspot/share/classfile/systemDictionary.cpp, line 231]
Event: 1634.773 Thread 0x0000024c97cad800 Exception <a 'java/lang/InterruptedException'{0x00000007091bb0c8}: sleep interrupted> (0x00000007091bb0c8) thrown at [./src/hotspot/share/prims/jvm.cpp, line 3107]
Event: 1634.778 Thread 0x0000024c97cab000 Exception <a 'java/lang/InterruptedException'{0x0000000709b216e8}: sleep interrupted> (0x0000000709b216e8) thrown at [./src/hotspot/share/prims/jvm.cpp, line 3107]

Events (20 events):
Event: 1634.774 Executing VM operation: RevokeBias done
Event: 1634.774 Executing VM operation: RevokeBias
Event: 1634.774 Executing VM operation: RevokeBias done
Event: 1634.774 Executing VM operation: RevokeBias
Event: 1634.774 Executing VM operation: RevokeBias done
Event: 1634.776 Executing VM operation: RevokeBias
Event: 1634.776 Executing VM operation: RevokeBias done
Event: 1634.776 Executing VM operation: RevokeBias
Event: 1634.776 Executing VM operation: RevokeBias done
Event: 1634.777 Executing VM operation: RevokeBias
Event: 1634.777 Executing VM operation: RevokeBias done
Event: 1634.777 Executing VM operation: RevokeBias
Event: 1634.777 Executing VM operation: RevokeBias done
Event: 1634.777 Executing VM operation: BulkRevokeBias
Event: 1634.777 Executing VM operation: BulkRevokeBias done
Event: 1634.778 Executing VM operation: BulkRevokeBias
Event: 1634.778 Executing VM operation: BulkRevokeBias done
Event: 1634.778 Thread 0x0000024c97caf000 Thread exited: 0x0000024c97caf000
Event: 1634.778 Thread 0x0000024c97cab000 Thread exited: 0x0000024c97cab000
Event: 1634.779 Executing VM operation: G1CollectFull


Dynamic libraries:
0x00007ff6f10d0000 - 0x00007ff6f1132000 	C:\Program Files\RedHat\java-11-openjdk-11.0.7-1\bin\java.exe
0x00007fff70880000 - 0x00007fff70a70000 	C:\WINDOWS\SYSTEM32\ntdll.dll
0x00007fff6fc30000 - 0x00007fff6fce2000 	C:\WINDOWS\System32\KERNEL32.DLL
0x00007fff6daa0000 - 0x00007fff6dd45000 	C:\WINDOWS\System32\KERNELBASE.dll
0x00007fff6de90000 - 0x00007fff6df8a000 	C:\WINDOWS\System32\ucrtbase.dll
0x00007fff5e5f0000 - 0x00007fff5e608000 	C:\Program Files\RedHat\java-11-openjdk-11.0.7-1\bin\jli.dll
0x00007fff5e590000 - 0x00007fff5e5a5000 	C:\Program Files\RedHat\java-11-openjdk-11.0.7-1\bin\VCRUNTIME140.dll
0x00007fff6fdc0000 - 0x00007fff6ff54000 	C:\WINDOWS\System32\USER32.dll
0x00007fff6d7f0000 - 0x00007fff6d811000 	C:\WINDOWS\System32\win32u.dll
0x00007fff51b00000 - 0x00007fff51d84000 	C:\WINDOWS\WinSxS\amd64_microsoft.windows.common-controls_6595b64144ccf1df_6.0.18362.1440_none_9e7dbfb9e45e8e67\COMCTL32.dll
0x00007fff6f300000 - 0x00007fff6f326000 	C:\WINDOWS\System32\GDI32.dll
0x00007fff6eff0000 - 0x00007fff6f08e000 	C:\WINDOWS\System32\msvcrt.dll
0x00007fff6e760000 - 0x00007fff6e8f8000 	C:\WINDOWS\System32\gdi32full.dll
0x00007fff70200000 - 0x00007fff70536000 	C:\WINDOWS\System32\combase.dll
0x00007fff6d8a0000 - 0x00007fff6d93e000 	C:\WINDOWS\System32\msvcp_win.dll
0x00007fff706f0000 - 0x00007fff7080f000 	C:\WINDOWS\System32\RPCRT4.dll
0x00007fff6de00000 - 0x00007fff6de81000 	C:\WINDOWS\System32\bcryptPrimitives.dll
0x00007fff6fa90000 - 0x00007fff6fabe000 	C:\WINDOWS\System32\IMM32.DLL
0x00007fff339b0000 - 0x00007fff33a4b000 	C:\Program Files\RedHat\java-11-openjdk-11.0.7-1\bin\msvcp140.dll
0x00007fff15cb0000 - 0x00007fff167f6000 	C:\Program Files\RedHat\java-11-openjdk-11.0.7-1\bin\server\jvm.dll
0x00007fff70140000 - 0x00007fff701e3000 	C:\WINDOWS\System32\ADVAPI32.dll
0x00007fff6fac0000 - 0x00007fff6fb57000 	C:\WINDOWS\System32\sechost.dll
0x00007fff6fff0000 - 0x00007fff6fff8000 	C:\WINDOWS\System32\PSAPI.DLL
0x00007fff4cc70000 - 0x00007fff4cc79000 	C:\WINDOWS\SYSTEM32\WSOCK32.dll
0x00007fff64720000 - 0x00007fff6472a000 	C:\WINDOWS\SYSTEM32\VERSION.dll
0x00007fff68030000 - 0x00007fff68054000 	C:\WINDOWS\SYSTEM32\WINMM.dll
0x00007fff6fb60000 - 0x00007fff6fbcf000 	C:\WINDOWS\System32\WS2_32.dll
0x00007fff67e40000 - 0x00007fff67e6d000 	C:\WINDOWS\SYSTEM32\WINMMBASE.dll
0x00007fff6df90000 - 0x00007fff6dfda000 	C:\WINDOWS\System32\cfgmgr32.dll
0x00007fff6d780000 - 0x00007fff6d791000 	C:\WINDOWS\System32\kernel.appcore.dll
0x00007fff5f860000 - 0x00007fff5f870000 	C:\Program Files\RedHat\java-11-openjdk-11.0.7-1\bin\verify.dll
0x00007fff68580000 - 0x00007fff68774000 	C:\WINDOWS\SYSTEM32\DBGHELP.DLL
0x00007fff4f430000 - 0x00007fff4f45a000 	C:\WINDOWS\SYSTEM32\dbgcore.DLL
0x00007fff5a610000 - 0x00007fff5a638000 	C:\Program Files\RedHat\java-11-openjdk-11.0.7-1\bin\java.dll
0x00007fff5c960000 - 0x00007fff5c977000 	C:\Program Files\RedHat\java-11-openjdk-11.0.7-1\bin\zip.dll
0x00007fff5e740000 - 0x00007fff5e74a000 	C:\Program Files\RedHat\java-11-openjdk-11.0.7-1\bin\jimage.dll
0x00007fff6e900000 - 0x00007fff6efe8000 	C:\WINDOWS\System32\SHELL32.dll
0x00007fff6f250000 - 0x00007fff6f2f7000 	C:\WINDOWS\System32\shcore.dll
0x00007fff6dfe0000 - 0x00007fff6e75b000 	C:\WINDOWS\System32\windows.storage.dll
0x00007fff6d7a0000 - 0x00007fff6d7be000 	C:\WINDOWS\System32\profapi.dll
0x00007fff6d730000 - 0x00007fff6d77a000 	C:\WINDOWS\System32\powrprof.dll
0x00007fff6d700000 - 0x00007fff6d710000 	C:\WINDOWS\System32\UMPDC.dll
0x00007fff6f5c0000 - 0x00007fff6f612000 	C:\WINDOWS\System32\shlwapi.dll
0x00007fff6d820000 - 0x00007fff6d837000 	C:\WINDOWS\System32\cryptsp.dll
0x00007fff5afd0000 - 0x00007fff5afe9000 	C:\Program Files\RedHat\java-11-openjdk-11.0.7-1\bin\net.dll
0x00007fff63b30000 - 0x00007fff63c2a000 	C:\WINDOWS\SYSTEM32\WINHTTP.dll
0x00007fff6cef0000 - 0x00007fff6cf57000 	C:\WINDOWS\system32\mswsock.dll
0x00007fff5a790000 - 0x00007fff5a7a2000 	C:\Program Files\RedHat\java-11-openjdk-11.0.7-1\bin\nio.dll
0x00007fff5ebe0000 - 0x00007fff5ebe9000 	C:\Program Files\RedHat\java-11-openjdk-11.0.7-1\bin\management.dll
0x00007fff5ebd0000 - 0x00007fff5ebdb000 	C:\Program Files\RedHat\java-11-openjdk-11.0.7-1\bin\management_ext.dll
0x00007fff4d0d0000 - 0x00007fff4d0e6000 	C:\WINDOWS\system32\napinsp.dll
0x00007fff4d0b0000 - 0x00007fff4d0ca000 	C:\WINDOWS\system32\pnrpnsp.dll
0x00007fff6cc50000 - 0x00007fff6cd1b000 	C:\WINDOWS\SYSTEM32\DNSAPI.dll
0x00007fff6ff60000 - 0x00007fff6ff68000 	C:\WINDOWS\System32\NSI.dll
0x00007fff6cc10000 - 0x00007fff6cc4a000 	C:\WINDOWS\SYSTEM32\IPHLPAPI.DLL
0x00007fff4d0a0000 - 0x00007fff4d0ae000 	C:\WINDOWS\System32\winrnr.dll
0x00007fff67e70000 - 0x00007fff67e8c000 	C:\WINDOWS\system32\NLAapi.dll
0x00007fff67180000 - 0x00007fff67195000 	C:\WINDOWS\system32\wshbth.dll
0x0000000067340000 - 0x0000000067375000 	C:\Program Files\Bonjour\mdnsNSP.dll
0x00007fff63920000 - 0x00007fff6392a000 	C:\Windows\System32\rasadhlp.dll
0x00007fff67720000 - 0x00007fff67797000 	C:\WINDOWS\System32\fwpuclnt.dll
0x00007fff6d7c0000 - 0x00007fff6d7e6000 	C:\WINDOWS\System32\bcrypt.dll
0x00007fff6ca80000 - 0x00007fff6cab3000 	C:\WINDOWS\system32\rsaenh.dll
0x00007fff6d5e0000 - 0x00007fff6d605000 	C:\WINDOWS\SYSTEM32\USERENV.dll
0x00007fff6d070000 - 0x00007fff6d07c000 	C:\WINDOWS\SYSTEM32\CRYPTBASE.dll
0x00007fff67060000 - 0x00007fff67076000 	C:\WINDOWS\SYSTEM32\dhcpcsvc6.DLL
0x00007fff66ee0000 - 0x00007fff66efc000 	C:\WINDOWS\SYSTEM32\dhcpcsvc.DLL

dbghelp: loaded successfully - version: 4.0.5 - missing functions: none
symbol engine: initialized successfully - sym options: 0x614 - pdb path: .;C:\Program Files\RedHat\java-11-openjdk-11.0.7-1\bin;C:\WINDOWS\SYSTEM32;C:\WINDOWS\WinSxS\amd64_microsoft.windows.common-controls_6595b64144ccf1df_6.0.18362.1440_none_9e7dbfb9e45e8e67;C:\Program Files\RedHat\java-11-openjdk-11.0.7-1\bin\server;C:\Program Files\Bonjour

VM Arguments:
jvm_args: -Dfile.encoding=UTF-8 
java_command: br.com.tech4me.pessoaws.PessoawsApplication
java_class_path (initial): C:\Galileo\Backend\pessoaws\pessoaws\target\classes;C:\Users\jacqueline.dsn.pack.ALTERDATA\.m2\repository\org\springframework\boot\spring-boot-starter-data-mongodb\2.5.1\spring-boot-starter-data-mongodb-2.5.1.jar;C:\Users\jacqueline.dsn.pack.ALTERDATA\.m2\repository\org\springframework\boot\spring-boot-starter\2.5.1\spring-boot-starter-2.5.1.jar;C:\Users\jacqueline.dsn.pack.ALTERDATA\.m2\repository\org\springframework\boot\spring-boot-starter-logging\2.5.1\spring-boot-starter-logging-2.5.1.jar;C:\Users\jacqueline.dsn.pack.ALTERDATA\.m2\repository\ch\qos\logback\logback-classic\1.2.3\logback-classic-1.2.3.jar;C:\Users\jacqueline.dsn.pack.ALTERDATA\.m2\repository\ch\qos\logback\logback-core\1.2.3\logback-core-1.2.3.jar;C:\Users\jacqueline.dsn.pack.ALTERDATA\.m2\repository\org\apache\logging\log4j\log4j-to-slf4j\2.14.1\log4j-to-slf4j-2.14.1.jar;C:\Users\jacqueline.dsn.pack.ALTERDATA\.m2\repository\org\apache\logging\log4j\log4j-api\2.14.1\log4j-api-2.14.1.jar;C:\Users\jacqueline.dsn.pack.ALTERDATA\.m2\repository\org\slf4j\jul-to-slf4j\1.7.30\jul-to-slf4j-1.7.30.jar;C:\Users\jacqueline.dsn.pack.ALTERDATA\.m2\repository\jakarta\annotation\jakarta.annotation-api\1.3.5\jakarta.annotation-api-1.3.5.jar;C:\Users\jacqueline.dsn.pack.ALTERDATA\.m2\repository\org\yaml\snakeyaml\1.28\snakeyaml-1.28.jar;C:\Users\jacqueline.dsn.pack.ALTERDATA\.m2\repository\org\mongodb\mongodb-driver-sync\4.2.3\mongodb-driver-sync-4.2.3.jar;C:\Users\jacqueline.dsn.pack.ALTERDATA\.m2\repository\org\mongodb\bson\4.2.3\bson-4.2.3.jar;C:\Users\jacqueline.dsn.pack.ALTERDATA\.m2\repository\org\mongodb\mongodb-driver-core\4.2.3\mongodb-driver-core-4.2.3.jar;C:\Users\jacqueline.dsn.pack.ALTERDATA\.m2\repository\org\springframework\data\spring-data-mongodb\3.2.1\spring-data-mongodb-3.2.1.jar;C:\Users\jacqueline.dsn.pack.ALTERDATA\.m2\repository\org\springframework\spring-tx\5.3.8\spring-tx-5.3.8.jar;C:\Users\jacqueline.dsn.pack.ALTERDATA\.m2\repository\org\springframework\sprin
Launcher Type: SUN_STANDARD

[Global flags]
     intx CICompilerCount                          = 4                                         {product} {ergonomic}
     uint ConcGCThreads                            = 2                                         {product} {ergonomic}
     uint G1ConcRefinementThreads                  = 8                                         {product} {ergonomic}
   size_t G1HeapRegionSize                         = 1048576                                   {product} {ergonomic}
    uintx GCDrainStackTargetSize                   = 64                                        {product} {ergonomic}
   size_t InitialHeapSize                          = 268435456                                 {product} {ergonomic}
   size_t MarkStackSize                            = 4194304                                   {product} {ergonomic}
   size_t MaxHeapSize                              = 4263510016                                {product} {ergonomic}
   size_t MaxNewSize                               = 2557476864                                {product} {ergonomic}
   size_t MinHeapDeltaBytes                        = 1048576                                   {product} {ergonomic}
    uintx NonNMethodCodeHeapSize                   = 5836300                                {pd product} {ergonomic}
    uintx NonProfiledCodeHeapSize                  = 122910970                              {pd product} {ergonomic}
    uintx ProfiledCodeHeapSize                     = 122910970                              {pd product} {ergonomic}
    uintx ReservedCodeCacheSize                    = 251658240                              {pd product} {ergonomic}
     bool SegmentedCodeCache                       = true                                      {product} {ergonomic}
     bool UseCompressedClassPointers               = true                                 {lp64_product} {ergonomic}
     bool UseCompressedOops                        = true                                 {lp64_product} {ergonomic}
     bool UseG1GC                                  = true                                      {product} {ergonomic}
     bool UseLargePagesIndividualAllocation        = false                                  {pd product} {ergonomic}

Logging:
Log output configuration:
 #0: stdout all=warning uptime,level,tags
 #1: stderr all=off uptime,level,tags

Environment Variables:
JAVA_HOME=C:\Program Files\Java\jdk1.8.0_171
CLASSPATH=;C:\Program Files\Java\jdk1.8.0_171\lib;C:\Program Files\Java\jdk1.8.0_171\lib\tools.jar;C:\Program Files\Java\jdk1.8.0_171\lib\dt.jar;
PATH=C:\Program Files (x86)\Borland\Delphi7\Bin;C:\Program Files (x86)\Borland\Delphi7\Projects\Bpl\;C:\Program Files (x86)\Common Files\Oracle\Java\javapath;C:\WINDOWS\system32;C:\WINDOWS;C:\WINDOWS\System32\Wbem;C:\WINDOWS\System32\WindowsPowerShell\v1.0\;C:\WINDOWS\System32\OpenSSH\;C:\Program Files\Java\jdk1.8.0_171\bin;;C:\Program Files (x86)\EurekaLab\EurekaLog 6\Delphi7;C:\Program Files\Microsoft SQL Server\110\Tools\Binn\;c:\Program Files (x86)\Microsoft SQL Server\110\Tools\Binn\;c:\Program Files\Microsoft SQL Server\110\DTS\Binn\;C:\opt\back\jdk1.8.0_192\bin\;C:\Program Files\RedHat\java-11-openjdk-11.0.7-1\bin;C:\Program Files\nodejs\;C:\Program Files\Git\cmd;C:\Program Files\TortoiseSVN\bin;C:\Program Files\apache-maven-3.8.1\bin;C:\Users\jacqueline.dsn.pack.ALTERDATA\AppData\Local\Microsoft\WindowsApps;C:\Users\jacqueline.dsn.pack.ALTERDATA\AppData\Local\Programs\Fiddler;C:\Program Files\MongoDB\Server\4.2\bin;C:\Program Files\RedHat\java-11-openjdk-11.0.7-1\bin;C:\Users\jacqueline.dsn.pack.ALTERDATA\AppData\Roaming\npm;C:\dsn\win\lib2006\6.12\bpl;C:\Program Files (x86)\HP\Common\HPDestPlgIn\;C:\Users\jacqueline.dsn.pack.ALTERDATA\AppData\Local\Programs\Microsoft VS Code\bin
USERNAME=jacqueline.dsn.pack
OS=Windows_NT
PROCESSOR_IDENTIFIER=Intel64 Family 6 Model 142 Stepping 12, GenuineIntel



---------------  S Y S T E M  ---------------

OS: Windows 10 , 64 bit Build 18362 (10.0.18362.1350)
OS uptime: 19 days 1:24 hours
HyperV virtualization detected

CPU:total 8 (initial active 8) (4 cores per cpu, 2 threads per core) family 6 model 142 stepping 12, cmov, cx8, fxsr, mmx, sse, sse2, sse3, ssse3, sse4.1, sse4.2, popcnt, avx, avx2, aes, clmul, erms, 3dnowpref, lzcnt, ht, tsc, tscinvbit, bmi1, bmi2, adx, fma

Memory: 4k page, system-wide physical 16256M (1410M free)
TotalPageFile size 16256M (AvailPageFile size 4M)
current process WorkingSet (physical memory assigned to process): 298M, peak: 302M
current process commit charge ("private bytes"): 387M, peak: 496M

vm_info: OpenJDK 64-Bit Server VM (11.0.7+10-LTS) for windows-amd64 JRE (11.0.7+10-LTS), built on Apr  9 2020 00:20:14 by "" with MS VC++ 15.9 (VS2017)

END.
